0 info it worked if it ends with ok
1 verbose cli [ '/Users/jmsol/.nvm/versions/node/v5.10.1/bin/node',
1 verbose cli   '/Users/jmsol/.nvm/versions/node/v5.10.1/bin/npm',
1 verbose cli   'run',
1 verbose cli   'dev' ]
2 info using npm@3.8.3
3 info using node@v5.10.1
4 verbose run-script [ 'predev', 'dev', 'postdev' ]
5 info lifecycle firstIteration@0.0.1~predev: firstIteration@0.0.1
6 silly lifecycle firstIteration@0.0.1~predev: no script for predev, continuing
7 info lifecycle firstIteration@0.0.1~dev: firstIteration@0.0.1
8 verbose lifecycle firstIteration@0.0.1~dev: unsafe-perm in lifecycle true
9 verbose lifecycle firstIteration@0.0.1~dev: PATH: /Users/jmsol/.nvm/versions/node/v5.10.1/lib/node_modules/npm/bin/node-gyp-bin:/Users/jmsol/dev/qumram/innovationDays/trackingWithStreams/firstIteration/node_modules/.bin:/Users/jmsol/.nvm/versions/node/v5.10.1/bin:/Users/jmsol/.nvm/versions/node/v5.10.1/bin:/Users/jmsol/bin:/usr/local/bin:/usr/bin:/bin:/usr/sbin:/sbin:/opt/X11/bin:/Users/jmsol/.local/bin:/usr/local/opt/fzf/bin
10 verbose lifecycle firstIteration@0.0.1~dev: CWD: /Users/jmsol/dev/qumram/innovationDays/trackingWithStreams/firstIteration
11 silly lifecycle firstIteration@0.0.1~dev: Args: [ '-c', 'cross-env NODE_ENV=development babel-node .' ]
12 silly lifecycle firstIteration@0.0.1~dev: Returned: code: 1  signal: null
13 info lifecycle firstIteration@0.0.1~dev: Failed to exec dev script
14 verbose stack Error: firstIteration@0.0.1 dev: `cross-env NODE_ENV=development babel-node .`
14 verbose stack Exit status 1
14 verbose stack     at EventEmitter.<anonymous> (/Users/jmsol/.nvm/versions/node/v5.10.1/lib/node_modules/npm/lib/utils/lifecycle.js:239:16)
14 verbose stack     at emitTwo (events.js:100:13)
14 verbose stack     at EventEmitter.emit (events.js:185:7)
14 verbose stack     at ChildProcess.<anonymous> (/Users/jmsol/.nvm/versions/node/v5.10.1/lib/node_modules/npm/lib/utils/spawn.js:24:14)
14 verbose stack     at emitTwo (events.js:100:13)
14 verbose stack     at ChildProcess.emit (events.js:185:7)
14 verbose stack     at maybeClose (internal/child_process.js:850:16)
14 verbose stack     at Process.ChildProcess._handle.onexit (internal/child_process.js:215:5)
15 verbose pkgid firstIteration@0.0.1
16 verbose cwd /Users/jmsol/dev/qumram/innovationDays/trackingWithStreams/firstIteration
17 error Darwin 15.4.0
18 error argv "/Users/jmsol/.nvm/versions/node/v5.10.1/bin/node" "/Users/jmsol/.nvm/versions/node/v5.10.1/bin/npm" "run" "dev"
19 error node v5.10.1
20 error npm  v3.8.3
21 error code ELIFECYCLE
22 error firstIteration@0.0.1 dev: `cross-env NODE_ENV=development babel-node .`
22 error Exit status 1
23 error Failed at the firstIteration@0.0.1 dev script 'cross-env NODE_ENV=development babel-node .'.
23 error Make sure you have the latest version of node.js and npm installed.
23 error If you do, this is most likely a problem with the firstIteration package,
23 error not with npm itself.
23 error Tell the author that this fails on your system:
23 error     cross-env NODE_ENV=development babel-node .
23 error You can get information on how to open an issue for this project with:
23 error     npm bugs firstIteration
23 error Or if that isn't available, you can get their info via:
23 error     npm owner ls firstIteration
23 error There is likely additional logging output above.
24 verbose exit [ 1, true ]
